[09:01:20] [main/INFO] (FabricLoader/GameProvider) Loading Minecraft 1.20.1 with Fabric Loader 0.15.10
[09:01:22] [main/INFO] (FabricLoader) Loading 58 mods:
	- fabric-api 0.88.1+1.20.1
	- fabric-api-base 0.4.30+7abfd51577
	- fabric-api-lookup-api-v1 1.6.35+4d8536c977
	- fabric-biome-api-v1 13.0.10+b3afc78b77
	- fabric-block-api-v1 1.0.10+92a0d36777
	- fabric-block-view-api-v2 1.0.0+92a0d36777
	- fabric-blockrenderlayer-v1 1.1.40+b3afc78b77
	- fabric-client-tags-api-v1 1.1.1+97bb207577
	- fabric-command-api-v1 1.2.33+f71b366f77
	- fabric-command-api-v2 2.2.12+b3afc78b77
	- fabric-commands-v0 0.2.50+df3654b377
	- fabric-containers-v0 0.1.63+df3654b377
	- fabric-content-registries-v0 4.0.9+b3afc78b77
	- fabric-convention-tags-v1 1.5.4+a1a980da77
	- fabric-crash-report-info-v1 0.2.18+aeb40ebe77
	- fabric-data-generation-api-v1 12.2.2+1e61dba177
	- fabric-dimensions-v1 2.1.53+8536527b77
	- fabric-entity-events-v1 1.5.22+b3afc78b77
	- fabric-events-interaction-v0 0.6.1+e91849a877
	- fabric-events-lifecycle-v0 0.2.62+df3654b377
	- fabric-game-rule-api-v1 1.0.38+b04edc7a77
	- fabric-gametest-api-v1 1.2.12+b3afc78b77
	- fabric-item-api-v1 2.1.27+b3afc78b77
	- fabric-item-group-api-v1 4.0.10+23d9108177
	- fabric-key-binding-api-v1 1.0.36+fb8d95da77
	- fabric-keybindings-v0 0.2.34+df3654b377
	- fabric-lifecycle-events-v1 2.2.21+b3afc78b77
	- fabric-loot-api-v2 1.1.39+b3afc78b77
	- fabric-loot-tables-v1 1.1.43+9e7660c677
	- fabric-message-api-v1 5.1.7+3265161977
	- fabric-mining-level-api-v1 2.1.49+b3afc78b77
	- fabric-model-loading-api-v1 1.0.2+709a987177
	- fabric-models-v0 0.4.1+9386d8a777
	- fabric-networking-api-v1 1.3.10+eeb8eb3677
	- fabric-networking-v0 0.3.50+df3654b377
	- fabric-object-builder-api-v1 11.1.1+6beca84877
	- fabric-particles-v1 1.1.1+201a23a077
	- fabric-recipe-api-v1 1.0.20+b3afc78b77
	- fabric-registry-sync-v0 2.3.2+4df89eb277
	- fabric-renderer-api-v1 3.1.3+92a0d36777
	- fabric-renderer-indigo 1.4.3+6bdb2ed077
	- fabric-renderer-registries-v1 3.2.45+df3654b377
	- fabric-rendering-data-attachment-v1 0.3.36+92a0d36777
	- fabric-rendering-fluids-v1 3.0.27+b3afc78b77
	- fabric-rendering-v0 1.1.48+df3654b377
	- fabric-rendering-v1 3.0.7+b3afc78b77
	- fabric-resource-conditions-api-v1 2.3.5+ea08f9d877
	- fabric-resource-loader-v0 0.11.9+132c48c177
	- fabric-screen-api-v1 2.0.7+b3afc78b77
	- fabric-screen-handler-api-v1 1.3.29+b3afc78b77
	- fabric-sound-api-v1 1.0.12+b3afc78b77
	- fabric-transfer-api-v1 3.3.1+195226a777
	- fabric-transitive-access-wideners-v1 4.3.0+6c31357e77
	- fabricloader 0.15.10
	- java 17
	- minecraft 1.20.1
	- mixinextras 0.3.5
	- warma_reborn 1.0.0
[09:01:23] [main/INFO] (FabricLoader/Mixin) SpongePowered MIXIN Subsystem Version=0.8.5 Source=file:/X:/Users/Administrator/.mcreator/gradle/caches/modules-2/files-2.1/net.fabricmc/sponge-mixin/0.13.3+mixin.0.8.5/9527e6b0d2449408958fd1302594dc65ec5ade9c/sponge-mixin-0.13.3+mixin.0.8.5.jar Service=Knot/Fabric Env=CLIENT
[09:01:23] [main/INFO] (FabricLoader/Mixin) Loaded Fabric development mappings for mixin remapper!
[09:01:23] [main/INFO] (FabricLoader/Mixin) Compatibility level set to JAVA_16
[09:01:23] [main/INFO] (FabricLoader/Mixin) Compatibility level set to JAVA_17
[09:01:28] [main/INFO] (FabricLoader/MixinExtras|Service) Initializing MixinExtras via com.llamalad7.mixinextras.service.MixinExtrasServiceImpl(version=0.3.5).
[09:01:50] [Datafixer Bootstrap/INFO] (Minecraft) 188 Datafixer optimizations took 1165 milliseconds
[09:01:58] [Render thread/INFO] (Minecraft) Environment: authHost='https://authserver.mojang.com', accountsHost='https://api.mojang.com', sessionHost='https://sessionserver.mojang.com', servicesHost='https://api.minecraftservices.com', name='PROD'
[09:01:59] [Render thread/ERROR] (Minecraft) Failed to verify authentication
com.mojang.authlib.exceptions.InvalidCredentialsException: Status: 401
	at com.mojang.authlib.exceptions.MinecraftClientHttpException.toAuthenticationException(MinecraftClientHttpException.java:56) ~[authlib-4.0.43.jar:?]
	at com.mojang.authlib.yggdrasil.YggdrasilUserApiService.fetchProperties(YggdrasilUserApiService.java:156) ~[authlib-4.0.43.jar:?]
	at com.mojang.authlib.yggdrasil.YggdrasilUserApiService.<init>(YggdrasilUserApiService.java:55) ~[authlib-4.0.43.jar:?]
	at com.mojang.authlib.yggdrasil.YggdrasilAuthenticationService.createUserApiService(YggdrasilAuthenticationService.java:124) ~[authlib-4.0.43.jar:?]
	at net.minecraft.client.Minecraft.createUserApiService(Minecraft.java:733) ~[minecraft-merged-a90cf90b89-1.20.1-loom.mappings.1_20_1.layered+hash.2198-v2.jar:?]
	at net.minecraft.client.Minecraft.<init>(Minecraft.java:442) ~[minecraft-merged-a90cf90b89-1.20.1-loom.mappings.1_20_1.layered+hash.2198-v2.jar:?]
	at net.minecraft.client.main.Main.main(Main.java:211) ~[minecraft-merged-a90cf90b89-1.20.1-loom.mappings.1_20_1.layered+hash.2198-v2.jar:?]
	at net.fabricmc.loader.impl.game.minecraft.MinecraftGameProvider.launch(MinecraftGameProvider.java:470) ~[fabric-loader-0.15.10.jar:?]
	at net.fabricmc.loader.impl.launch.knot.Knot.launch(Knot.java:74) ~[fabric-loader-0.15.10.jar:?]
	at net.fabricmc.loader.impl.launch.knot.KnotClient.main(KnotClient.java:23) ~[fabric-loader-0.15.10.jar:?]
	at net.fabricmc.devlaunchinjector.Main.main(Main.java:86) ~[dev-launch-injector-0.2.1+build.8.jar:?]
Caused by: com.mojang.authlib.exceptions.MinecraftClientHttpException: Status: 401
	at com.mojang.authlib.minecraft.client.MinecraftClient.readInputStream(MinecraftClient.java:85) ~[authlib-4.0.43.jar:?]
	at com.mojang.authlib.minecraft.client.MinecraftClient.get(MinecraftClient.java:48) ~[authlib-4.0.43.jar:?]
	at com.mojang.authlib.yggdrasil.YggdrasilUserApiService.fetchProperties(YggdrasilUserApiService.java:129) ~[authlib-4.0.43.jar:?]
	... 9 more
[09:01:59] [Render thread/INFO] (Minecraft) Setting user: Player565
[09:02:00] [Render thread/INFO] (WarmaRebornMod) Initializing WarmaRebornMod
[09:02:00] [Render thread/INFO] (Indigo) [Indigo] Registering Indigo renderer!
[09:02:01] [Render thread/INFO] (Minecraft) Backend library: LWJGL version 3.3.1 SNAPSHOT
[09:02:04] [Render thread/INFO] (Minecraft) Reloading ResourceManager: vanilla, fabric (fabric-lifecycle-events-v1, fabric-rendering-v0, fabric-events-lifecycle-v0, fabric-screen-handler-api-v1, fabric-object-builder-api-v1, fabricloader, fabric-convention-tags-v1, fabric-particles-v1, fabric-block-api-v1, fabric-loot-api-v2, fabric-data-generation-api-v1, fabric-events-interaction-v0, fabric-biome-api-v1, fabric-networking-v0, fabric-rendering-data-attachment-v1, fabric-renderer-indigo, fabric-item-api-v1, fabric-transfer-api-v1, fabric-keybindings-v0, fabric-containers-v0, warma_reborn, fabric-sound-api-v1, fabric-block-view-api-v2, fabric-crash-report-info-v1, fabric-renderer-api-v1, fabric-screen-api-v1, fabric-dimensions-v1, fabric-api-lookup-api-v1, fabric-resource-conditions-api-v1, fabric-blockrenderlayer-v1, fabric-loot-tables-v1, fabric-item-group-api-v1, fabric-commands-v0, fabric-message-api-v1, fabric-resource-loader-v0, fabric-mining-level-api-v1, fabric-model-loading-api-v1, fabric-networking-api-v1, fabric-command-api-v2, fabric-entity-events-v1, fabric-api-base, fabric-command-api-v1, fabric-game-rule-api-v1, fabric-key-binding-api-v1, fabric-recipe-api-v1, fabric-gametest-api-v1, fabric-models-v0, fabric-renderer-registries-v1, fabric-registry-sync-v0, fabric-transitive-access-wideners-v1, fabric-rendering-fluids-v1, fabric-client-tags-api-v1, fabric-rendering-v1, fabric-api, fabric-content-registries-v0)
[09:02:06] [Worker-Main-2/INFO] (Minecraft) Found unifont_all_no_pua-15.0.06.hex, loading
[09:02:07] [Realms Notification Availability checker #1/INFO] (Minecraft) Could not authorize you against Realms server: Invalid session id
[09:02:10] [Worker-Main-1/WARN] (Minecraft) Texture warma_reborn:item/wyg_true with size 252x252 limits mip level from 4 to 2
[09:02:10] [Worker-Main-1/WARN] (Minecraft) minecraft:textures/atlas/blocks.png: dropping miplevel from 4 to 2, because of minimum power of two: 4
[09:02:18] [Render thread/WARN] (Minecraft) Missing sound for event: minecraft:item.goat_horn.play
[09:02:18] [Render thread/WARN] (Minecraft) Missing sound for event: minecraft:entity.goat.screaming.horn_break
[09:02:18] [Render thread/INFO] (Minecraft) OpenAL initialized on device OpenAL Soft on Som's Magolala (Realtek High Definition Audio)
[09:02:18] [Render thread/INFO] (Minecraft) Sound engine started
[09:02:19] [Render thread/INFO] (Minecraft) Created: 1024x1024x2 minecraft:textures/atlas/blocks.png-atlas
[09:02:19] [Render thread/INFO] (Minecraft) Created: 256x256x4 minecraft:textures/atlas/signs.png-atlas
[09:02:19] [Render thread/INFO] (Minecraft) Created: 512x512x4 minecraft:textures/atlas/banner_patterns.png-atlas
[09:02:19] [Render thread/INFO] (Minecraft) Created: 512x512x4 minecraft:textures/atlas/shield_patterns.png-atlas
[09:02:19] [Render thread/INFO] (Minecraft) Created: 1024x1024x4 minecraft:textures/atlas/armor_trims.png-atlas
[09:02:19] [Render thread/INFO] (Minecraft) Created: 128x64x4 minecraft:textures/atlas/decorated_pot.png-atlas
[09:02:19] [Render thread/INFO] (Minecraft) Created: 256x256x4 minecraft:textures/atlas/chest.png-atlas
[09:02:19] [Render thread/INFO] (Minecraft) Created: 512x256x4 minecraft:textures/atlas/beds.png-atlas
[09:02:19] [Render thread/INFO] (Minecraft) Created: 512x256x4 minecraft:textures/atlas/shulker_boxes.png-atlas
[09:02:21] [Render thread/WARN] (Minecraft) Shader rendertype_entity_translucent_emissive could not find sampler named Sampler2 in the specified shader program.
[09:02:21] [Render thread/INFO] (Minecraft) Created: 256x256x0 minecraft:textures/atlas/particles.png-atlas
[09:02:21] [Render thread/INFO] (Minecraft) Created: 256x256x0 minecraft:textures/atlas/paintings.png-atlas
[09:02:21] [Render thread/INFO] (Minecraft) Created: 512x512x0 minecraft:textures/atlas/mob_effects.png-atlas
[09:05:37] [Render thread/INFO] (Minecraft) Reloading ResourceManager: vanilla, fabric (fabric-lifecycle-events-v1, fabric-rendering-v0, fabric-events-lifecycle-v0, fabric-screen-handler-api-v1, fabric-object-builder-api-v1, fabricloader, fabric-convention-tags-v1, fabric-particles-v1, fabric-block-api-v1, fabric-loot-api-v2, fabric-data-generation-api-v1, fabric-events-interaction-v0, fabric-biome-api-v1, fabric-networking-v0, fabric-rendering-data-attachment-v1, fabric-renderer-indigo, fabric-item-api-v1, fabric-transfer-api-v1, fabric-keybindings-v0, fabric-containers-v0, warma_reborn, fabric-sound-api-v1, fabric-block-view-api-v2, fabric-crash-report-info-v1, fabric-renderer-api-v1, fabric-screen-api-v1, fabric-dimensions-v1, fabric-api-lookup-api-v1, fabric-resource-conditions-api-v1, fabric-blockrenderlayer-v1, fabric-loot-tables-v1, fabric-item-group-api-v1, fabric-commands-v0, fabric-message-api-v1, fabric-resource-loader-v0, fabric-mining-level-api-v1, fabric-model-loading-api-v1, fabric-networking-api-v1, fabric-command-api-v2, fabric-entity-events-v1, fabric-api-base, fabric-command-api-v1, fabric-game-rule-api-v1, fabric-key-binding-api-v1, fabric-recipe-api-v1, fabric-gametest-api-v1, fabric-models-v0, fabric-renderer-registries-v1, fabric-registry-sync-v0, fabric-transitive-access-wideners-v1, fabric-rendering-fluids-v1, fabric-client-tags-api-v1, fabric-rendering-v1, fabric-api, fabric-content-registries-v0)
[09:05:37] [Worker-Main-5/INFO] (Minecraft) Found unifont_all_no_pua-15.0.06.hex, loading
[09:05:39] [Worker-Main-6/WARN] (Minecraft) Texture warma_reborn:item/wyg_true with size 252x252 limits mip level from 4 to 2
[09:05:39] [Worker-Main-6/WARN] (Minecraft) minecraft:textures/atlas/blocks.png: dropping miplevel from 4 to 2, because of minimum power of two: 4
[09:05:42] [Render thread/WARN] (Minecraft) Missing sound for event: minecraft:item.goat_horn.play
[09:05:42] [Render thread/WARN] (Minecraft) Missing sound for event: minecraft:entity.goat.screaming.horn_break
[09:05:42] [Render thread/INFO] (Minecraft) OpenAL initialized on device OpenAL Soft on Som's Magolala (Realtek High Definition Audio)
[09:05:42] [Render thread/INFO] (Minecraft) Sound engine started
[09:05:42] [Render thread/INFO] (Minecraft) Created: 1024x1024x2 minecraft:textures/atlas/blocks.png-atlas
[09:05:42] [Render thread/INFO] (Minecraft) Created: 256x256x4 minecraft:textures/atlas/signs.png-atlas
[09:05:42] [Render thread/INFO] (Minecraft) Created: 512x512x4 minecraft:textures/atlas/banner_patterns.png-atlas
[09:05:42] [Render thread/INFO] (Minecraft) Created: 512x512x4 minecraft:textures/atlas/shield_patterns.png-atlas
[09:05:43] [Render thread/INFO] (Minecraft) Created: 1024x1024x4 minecraft:textures/atlas/armor_trims.png-atlas
[09:05:43] [Render thread/INFO] (Minecraft) Created: 128x64x4 minecraft:textures/atlas/decorated_pot.png-atlas
[09:05:43] [Render thread/INFO] (Minecraft) Created: 256x256x4 minecraft:textures/atlas/chest.png-atlas
[09:05:43] [Render thread/INFO] (Minecraft) Created: 512x256x4 minecraft:textures/atlas/beds.png-atlas
[09:05:43] [Render thread/INFO] (Minecraft) Created: 512x256x4 minecraft:textures/atlas/shulker_boxes.png-atlas
[09:05:43] [Render thread/WARN] (Minecraft) Shader rendertype_entity_translucent_emissive could not find sampler named Sampler2 in the specified shader program.
[09:05:44] [Render thread/INFO] (Minecraft) Created: 256x256x0 minecraft:textures/atlas/particles.png-atlas
[09:05:44] [Render thread/INFO] (Minecraft) Created: 256x256x0 minecraft:textures/atlas/paintings.png-atlas
[09:05:44] [Render thread/INFO] (Minecraft) Created: 512x512x0 minecraft:textures/atlas/mob_effects.png-atlas
[09:06:00] [Render thread/INFO] (Minecraft) Loaded 7 recipes
[09:06:00] [Render thread/INFO] (Minecraft) Loaded 1271 advancements
[09:06:15] [Render thread/INFO] (BiomeModificationImpl) Applied 0 biome modifications to 0 of 64 new biomes in 3.869 ms
[09:06:15] [Server thread/INFO] (Minecraft) Starting integrated minecraft server version 1.20.1
[09:06:15] [Server thread/INFO] (Minecraft) Generating keypair
[09:06:17] [Server thread/INFO] (Minecraft) Preparing start region for dimension minecraft:overworld
[09:06:19] [Render thread/INFO] (Minecraft) 准备生成区域中：0%
[09:06:19] [Render thread/INFO] (Minecraft) 准备生成区域中：0%
[09:06:19] [Render thread/INFO] (Minecraft) 准备生成区域中：0%
[09:06:19] [Render thread/INFO] (Minecraft) 准备生成区域中：0%
[09:06:19] [Render thread/INFO] (Minecraft) 准备生成区域中：0%
[09:06:20] [Render thread/INFO] (Minecraft) 准备生成区域中：0%
[09:06:20] [Render thread/INFO] (Minecraft) 准备生成区域中：7%
[09:06:21] [Render thread/INFO] (Minecraft) 准备生成区域中：22%
[09:06:22] [Render thread/INFO] (Minecraft) 准备生成区域中：30%
[09:06:22] [Render thread/INFO] (Minecraft) 准备生成区域中：30%
[09:06:22] [Render thread/INFO] (Minecraft) 准备生成区域中：43%
[09:06:23] [Render thread/INFO] (Minecraft) 准备生成区域中：61%
[09:06:23] [Render thread/INFO] (Minecraft) 准备生成区域中：84%
[09:06:24] [Render thread/INFO] (Minecraft) Time elapsed: 6322 ms
[09:06:24] [Server thread/INFO] (Minecraft) Changing view distance to 4, from 10
[09:06:24] [Server thread/INFO] (Minecraft) Changing simulation distance to 5, from 0
[09:06:27] [Server thread/INFO] (Minecraft) Player565[local:E:5633e4c6] logged in with entity id 1 at (-0.5, -60.0, 6.5)
[09:06:28] [Server thread/INFO] (Minecraft) Player565加入了游戏
[09:06:29] [Render thread/INFO] (Minecraft) Loaded 2 advancements
[09:06:45] [Server thread/INFO] (Minecraft) Locating element #minecraft:village (minecraft:village_plains) took 5 ms
[09:06:45] [Render thread/INFO] (Minecraft) [System] [CHAT] 最近的#minecraft:village (minecraft:village_plains)位于[-288, ~, 256]（380个方块外）
[09:06:46] [Server thread/INFO] (Minecraft) [Player565: 已将Player565传送到-287.500000, -60.000000, 256.500000]
[09:06:47] [Render thread/INFO] (Minecraft) [System] [CHAT] 已将Player565传送到-287.500000, -60.000000, 256.500000
[09:06:53] [Server thread/WARN] (Minecraft) Can't keep up! Is the server overloaded? Running 2036ms or 40 ticks behind
[09:07:06] [Render thread/INFO] (Minecraft) Loaded 19 advancements
[09:07:08] [Server thread/INFO] (Minecraft) [Player565: 已将自己的游戏模式设置为生存模式]
[09:07:08] [Render thread/INFO] (Minecraft) [System] [CHAT] 已将自己的游戏模式设置为生存模式
[09:07:10] [Server thread/INFO] (Minecraft) Player565 把沃玛吃了，但是吃了谁来更新呢？
[09:07:10] [Render thread/INFO] (Minecraft) [System] [CHAT] Player565 把沃玛吃了，但是吃了谁来更新呢？
[09:07:14] [Server thread/INFO] (Minecraft) [Player565: 已将自己的游戏模式设置为创造模式]
[09:07:14] [Render thread/INFO] (Minecraft) [System] [CHAT] 已将自己的游戏模式设置为创造模式
[09:07:16] [Server thread/INFO] (Minecraft) [Player565: 已将Player565传送到-287.500000, -60.000000, 256.500000]
[09:07:16] [Render thread/INFO] (Minecraft) [System] [CHAT] 已将Player565传送到-287.500000, -60.000000, 256.500000
[09:07:57] [Server thread/INFO] (Minecraft) Villager Villager['村民'/85, l='ServerLevel[新的世界]', x=-292.88, y=-60.06, z=294.68] died, message: '村民落地过猛'
[09:07:57] [Render thread/INFO] (Minecraft) Villager Villager['村民'/85, l='ClientLevel', x=-292.76, y=-57.44, z=294.59] died, message: '村民死了'
[09:08:34] [Server thread/INFO] (Minecraft) [Player565: 已将自己的游戏模式设置为生存模式]
[09:08:34] [Render thread/INFO] (Minecraft) [System] [CHAT] 已将自己的游戏模式设置为生存模式
[09:08:42] [Server thread/INFO] (Minecraft) [Player565: 难度已被设置为简单]
[09:08:42] [Render thread/INFO] (Minecraft) [System] [CHAT] 难度已被设置为简单
[09:08:48] [Server thread/INFO] (Minecraft) [Player565: 难度已被设置为困难]
[09:08:48] [Render thread/INFO] (Minecraft) [System] [CHAT] 难度已被设置为困难
[09:09:19] [Server thread/INFO] (Minecraft) [Player565: 难度已被设置为普通]
[09:09:19] [Render thread/INFO] (Minecraft) [System] [CHAT] 难度已被设置为普通
[09:09:33] [Render thread/INFO] (Minecraft) Loaded 19 advancements
[09:09:38] [Render thread/INFO] (Minecraft) Loaded 20 advancements
[09:09:40] [Render thread/INFO] (Minecraft) Loaded 20 advancements
[09:09:51] [Server thread/INFO] (Minecraft) [Player565: 已将瞬间治疗效果应用于Player565]
[09:09:51] [Render thread/INFO] (Minecraft) [System] [CHAT] 已将瞬间治疗效果应用于Player565
[09:09:55] [Server thread/INFO] (Minecraft) [Player565: 已将瞬间治疗效果应用于Player565]
[09:09:55] [Render thread/INFO] (Minecraft) [System] [CHAT] 已将瞬间治疗效果应用于Player565
[09:10:20] [Render thread/INFO] (Minecraft) Loaded 22 advancements
[09:10:35] [Render thread/INFO] (Minecraft) Loaded 25 advancements
[09:10:40] [Render thread/INFO] (Minecraft) Loaded 36 advancements
[09:10:45] [Render thread/INFO] (Minecraft) Loaded 39 advancements
[09:10:55] [Render thread/INFO] (Minecraft) Loaded 41 advancements
[09:11:29] [Server thread/INFO] (Minecraft) [Player565: 已将抗性提升效果应用于Player565]
[09:11:29] [Render thread/INFO] (Minecraft) [System] [CHAT] 已将抗性提升效果应用于Player565
[09:11:39] [Server thread/INFO] (Minecraft) [Player565: 已将力量效果应用于Player565]
[09:11:39] [Render thread/INFO] (Minecraft) [System] [CHAT] 已将力量效果应用于Player565
[09:11:40] [Server thread/INFO] (Minecraft) Player565取得了进度[怪物猎人]
[09:11:40] [Render thread/INFO] (Minecraft) [System] [CHAT] Player565取得了进度[怪物猎人]
[09:11:40] [Render thread/INFO] (Minecraft) Loaded 72 advancements
[09:11:45] [Render thread/INFO] (Minecraft) Loaded 75 advancements
[09:11:51] [Render thread/INFO] (Minecraft) Loaded 77 advancements
[09:12:35] [Server thread/INFO] (Minecraft) [Player565: 已将饥饿效果应用于Player565]
[09:12:35] [Render thread/INFO] (Minecraft) [System] [CHAT] 已将饥饿效果应用于Player565
[09:12:57] [Server thread/INFO] (Minecraft) Villager Villager['村民'/97, l='ServerLevel[新的世界]', x=-293.75, y=-60.00, z=243.15] died, message: '村民被Player565杀死了'
[09:12:57] [Render thread/INFO] (Minecraft) Villager Villager['村民'/97, l='ClientLevel', x=-293.44, y=-60.06, z=243.40] died, message: '村民死了'
[09:13:02] [Server thread/INFO] (Minecraft) Villager Villager['村民'/96, l='ServerLevel[新的世界]', x=-283.72, y=-60.00, z=237.50] died, message: '村民被Player565杀死了'
[09:13:02] [Render thread/INFO] (Minecraft) Villager Villager['村民'/96, l='ClientLevel', x=-284.13, y=-60.00, z=237.50] died, message: '村民死了'
[09:13:03] [Server thread/INFO] (Minecraft) Villager Villager['村民'/81, l='ServerLevel[新的世界]', x=-283.46, y=-60.00, z=238.39] died, message: '村民被Player565杀死了'
[09:13:03] [Render thread/INFO] (Minecraft) Villager Villager['村民'/81, l='ClientLevel', x=-283.46, y=-60.00, z=238.39] died, message: '村民死了'
[09:13:04] [Server thread/INFO] (Minecraft) Villager Villager['村民'/84, l='ServerLevel[新的世界]', x=-283.48, y=-60.00, z=240.25] died, message: '村民被Player565杀死了'
[09:13:04] [Render thread/INFO] (Minecraft) Villager Villager['村民'/84, l='ClientLevel', x=-283.48, y=-60.00, z=240.25] died, message: '村民死了'
[09:13:08] [Server thread/INFO] (Minecraft) Player565取得了进度[来硬的]
[09:13:08] [Render thread/INFO] (Minecraft) [System] [CHAT] Player565取得了进度[来硬的]
[09:13:08] [Render thread/INFO] (Minecraft) Loaded 108 advancements
[09:13:08] [Render thread/INFO] (Minecraft) Loaded 109 advancements
[09:13:36] [Render thread/INFO] (Minecraft) Loaded 112 advancements
[09:14:24] [Server thread/INFO] (Minecraft) [Player565: 已将急迫效果应用于Player565]
[09:14:24] [Render thread/INFO] (Minecraft) [System] [CHAT] 已将急迫效果应用于Player565
[09:14:28] [Server thread/WARN] (Minecraft) Mismatch in destroy block pos: BlockPos{x=-273, y=-60, z=212} BlockPos{x=-273, y=-61, z=213}
[09:14:28] [Server thread/WARN] (Minecraft) Mismatch in destroy block pos: BlockPos{x=-273, y=-60, z=212} BlockPos{x=-274, y=-61, z=213}
[09:14:29] [Server thread/WARN] (Minecraft) Mismatch in destroy block pos: BlockPos{x=-273, y=-60, z=212} BlockPos{x=-273, y=-61, z=212}
[09:14:29] [Server thread/WARN] (Minecraft) Mismatch in destroy block pos: BlockPos{x=-273, y=-60, z=212} BlockPos{x=-274, y=-61, z=212}
[09:14:29] [Server thread/WARN] (Minecraft) Mismatch in destroy block pos: BlockPos{x=-273, y=-60, z=212} BlockPos{x=-274, y=-62, z=212}
[09:14:29] [Server thread/WARN] (Minecraft) Mismatch in destroy block pos: BlockPos{x=-273, y=-60, z=212} BlockPos{x=-274, y=-62, z=211}
[09:14:29] [Server thread/WARN] (Minecraft) Mismatch in destroy block pos: BlockPos{x=-273, y=-60, z=212} BlockPos{x=-273, y=-62, z=212}
[09:14:29] [Server thread/WARN] (Minecraft) Mismatch in destroy block pos: BlockPos{x=-273, y=-60, z=212} BlockPos{x=-272, y=-61, z=213}
[09:14:29] [Server thread/WARN] (Minecraft) Mismatch in destroy block pos: BlockPos{x=-273, y=-60, z=212} BlockPos{x=-272, y=-61, z=212}
[09:14:29] [Server thread/WARN] (Minecraft) Mismatch in destroy block pos: BlockPos{x=-273, y=-60, z=212} BlockPos{x=-272, y=-62, z=212}
[09:14:29] [Server thread/WARN] (Minecraft) Mismatch in destroy block pos: BlockPos{x=-273, y=-60, z=212} BlockPos{x=-272, y=-62, z=211}
[09:14:29] [Server thread/WARN] (Minecraft) Mismatch in destroy block pos: BlockPos{x=-273, y=-60, z=212} BlockPos{x=-273, y=-62, z=211}
[09:14:30] [Server thread/WARN] (Minecraft) Mismatch in destroy block pos: BlockPos{x=-273, y=-60, z=212} BlockPos{x=-273, y=-61, z=211}
[09:14:33] [Render thread/INFO] (Minecraft) Loaded 113 advancements
[09:15:04] [Server thread/WARN] (Minecraft) Mismatch in destroy block pos: BlockPos{x=-277, y=-57, z=211} BlockPos{x=-276, y=-61, z=215}
[09:15:04] [Server thread/WARN] (Minecraft) Mismatch in destroy block pos: BlockPos{x=-277, y=-57, z=211} BlockPos{x=-276, y=-61, z=214}
[09:15:15] [Server thread/WARN] (Minecraft) Mismatch in destroy block pos: BlockPos{x=-277, y=-60, z=212} BlockPos{x=-277, y=-61, z=212}
[09:15:29] [Server thread/WARN] (Minecraft) Mismatch in destroy block pos: BlockPos{x=-277, y=-60, z=212} BlockPos{x=-281, y=-61, z=210}
[09:15:29] [Server thread/WARN] (Minecraft) Mismatch in destroy block pos: BlockPos{x=-277, y=-60, z=212} BlockPos{x=-282, y=-61, z=210}
[09:15:30] [Server thread/WARN] (Minecraft) Mismatch in destroy block pos: BlockPos{x=-277, y=-60, z=212} BlockPos{x=-280, y=-61, z=210}
[09:15:44] [Render thread/INFO] (Minecraft) Loaded 114 advancements
[09:15:48] [Server thread/WARN] (Minecraft) Mismatch in destroy block pos: BlockPos{x=-281, y=-60, z=212} BlockPos{x=-281, y=-61, z=212}
[09:15:59] [Render thread/INFO] (Minecraft) Loaded 121 advancements
[09:16:29] [Server thread/WARN] (Minecraft) Mismatch in destroy block pos: BlockPos{x=-281, y=-60, z=212} BlockPos{x=-282, y=-56, z=212}
[09:16:29] [Server thread/WARN] (Minecraft) Mismatch in destroy block pos: BlockPos{x=-281, y=-60, z=212} BlockPos{x=-282, y=-56, z=212}
[09:16:29] [Server thread/WARN] (Minecraft) Mismatch in destroy block pos: BlockPos{x=-281, y=-60, z=212} BlockPos{x=-282, y=-56, z=212}
[09:16:30] [Server thread/WARN] (Minecraft) Mismatch in destroy block pos: BlockPos{x=-281, y=-60, z=212} BlockPos{x=-282, y=-56, z=212}
[09:16:38] [Render thread/INFO] (Minecraft) Loaded 121 advancements
[09:16:43] [Server thread/INFO] (Minecraft) Villager Villager['村民'/77, l='ServerLevel[新的世界]', x=-291.49, y=-60.06, z=241.03] died, message: '村民被Player565杀死了'
[09:16:43] [Render thread/INFO] (Minecraft) Villager Villager['村民'/77, l='ClientLevel', x=-291.48, y=-60.06, z=241.56] died, message: '村民死了'
[09:16:45] [Render thread/INFO] (Minecraft) [System] [CHAT] 已设置重生点
[09:17:11] [Server thread/INFO] (Minecraft) [Player565: 已将1个[沃玛鞋]给予Player565]
[09:17:11] [Render thread/INFO] (Minecraft) [System] [CHAT] 已将1个[沃玛鞋]给予Player565
[09:17:13] [Server thread/ERROR] (Minecraft) Failed to handle packet net.minecraft.network.protocol.game.ServerboundContainerClickPacket@81d8533, suppressing error
net.minecraft.ReportedException: Container click
	at net.minecraft.world.inventory.AbstractContainerMenu.clicked(AbstractContainerMenu.java:304) ~[minecraft-merged-a90cf90b89-1.20.1-loom.mappings.1_20_1.layered+hash.2198-v2.jar:?]
	at net.minecraft.server.network.ServerGamePacketListenerImpl.handleContainerClick(ServerGamePacketListenerImpl.java:1682) ~[minecraft-merged-a90cf90b89-1.20.1-loom.mappings.1_20_1.layered+hash.2198-v2.jar:?]
	at net.minecraft.network.protocol.game.ServerboundContainerClickPacket.handle(ServerboundContainerClickPacket.java:58) ~[minecraft-merged-a90cf90b89-1.20.1-loom.mappings.1_20_1.layered+hash.2198-v2.jar:?]
	at net.minecraft.network.protocol.game.ServerboundContainerClickPacket.handle(ServerboundContainerClickPacket.java:13) ~[minecraft-merged-a90cf90b89-1.20.1-loom.mappings.1_20_1.layered+hash.2198-v2.jar:?]
	at net.minecraft.network.protocol.PacketUtils.method_11072(PacketUtils.java:22) ~[minecraft-merged-a90cf90b89-1.20.1-loom.mappings.1_20_1.layered+hash.2198-v2.jar:?]
	at net.minecraft.server.TickTask.run(TickTask.java:18) ~[minecraft-merged-a90cf90b89-1.20.1-loom.mappings.1_20_1.layered+hash.2198-v2.jar:?]
	at net.minecraft.util.thread.BlockableEventLoop.doRunTask(BlockableEventLoop.java:156) ~[minecraft-merged-a90cf90b89-1.20.1-loom.mappings.1_20_1.layered+hash.2198-v2.jar:?]
	at net.minecraft.util.thread.ReentrantBlockableEventLoop.doRunTask(ReentrantBlockableEventLoop.java:23) ~[minecraft-merged-a90cf90b89-1.20.1-loom.mappings.1_20_1.layered+hash.2198-v2.jar:?]
	at net.minecraft.server.MinecraftServer.doRunTask(MinecraftServer.java:782) ~[minecraft-merged-a90cf90b89-1.20.1-loom.mappings.1_20_1.layered+hash.2198-v2.jar:?]
	at net.minecraft.server.MinecraftServer.doRunTask(MinecraftServer.java:164) ~[minecraft-merged-a90cf90b89-1.20.1-loom.mappings.1_20_1.layered+hash.2198-v2.jar:?]
	at net.minecraft.util.thread.BlockableEventLoop.pollTask(BlockableEventLoop.java:130) ~[minecraft-merged-a90cf90b89-1.20.1-loom.mappings.1_20_1.layered+hash.2198-v2.jar:?]
	at net.minecraft.server.MinecraftServer.pollTaskInternal(MinecraftServer.java:764) ~[minecraft-merged-a90cf90b89-1.20.1-loom.mappings.1_20_1.layered+hash.2198-v2.jar:?]
	at net.minecraft.server.MinecraftServer.pollTask(MinecraftServer.java:758) ~[minecraft-merged-a90cf90b89-1.20.1-loom.mappings.1_20_1.layered+hash.2198-v2.jar:?]
	at net.minecraft.util.thread.BlockableEventLoop.managedBlock(BlockableEventLoop.java:139) ~[minecraft-merged-a90cf90b89-1.20.1-loom.mappings.1_20_1.layered+hash.2198-v2.jar:?]
	at net.minecraft.server.MinecraftServer.waitUntilNextTick(MinecraftServer.java:743) ~[minecraft-merged-a90cf90b89-1.20.1-loom.mappings.1_20_1.layered+hash.2198-v2.jar:?]
	at net.minecraft.server.MinecraftServer.runServer(MinecraftServer.java:675) ~[minecraft-merged-a90cf90b89-1.20.1-loom.mappings.1_20_1.layered+hash.2198-v2.jar:?]
	at net.minecraft.server.MinecraftServer.method_29739(MinecraftServer.java:265) ~[minecraft-merged-a90cf90b89-1.20.1-loom.mappings.1_20_1.layered+hash.2198-v2.jar:?]
	at java.lang.Thread.run(Thread.java:840) ~[?:?]
Caused by: java.lang.NullPointerException: Cannot invoke "net.minecraft.sounds.SoundEvent.getRange(float)" because the return value of "net.minecraft.core.Holder.value()" is null
	at net.minecraft.server.level.ServerLevel.playSeededSound(ServerLevel.java:950) ~[minecraft-merged-a90cf90b89-1.20.1-loom.mappings.1_20_1.layered+hash.2198-v2.jar:?]
	at net.minecraft.world.level.Level.playSeededSound(Level.java:406) ~[minecraft-merged-a90cf90b89-1.20.1-loom.mappings.1_20_1.layered+hash.2198-v2.jar:?]
	at net.minecraft.world.level.Level.playSound(Level.java:414) ~[minecraft-merged-a90cf90b89-1.20.1-loom.mappings.1_20_1.layered+hash.2198-v2.jar:?]
	at net.minecraft.world.entity.LivingEntity.onEquipItem(LivingEntity.java:702) ~[minecraft-merged-a90cf90b89-1.20.1-loom.mappings.1_20_1.layered+hash.2198-v2.jar:?]
	at net.minecraft.world.inventory.InventoryMenu.onEquipItem(InventoryMenu.java:130) ~[minecraft-merged-a90cf90b89-1.20.1-loom.mappings.1_20_1.layered+hash.2198-v2.jar:?]
	at net.minecraft.world.inventory.InventoryMenu$1.setByPlayer(InventoryMenu.java:75) ~[minecraft-merged-a90cf90b89-1.20.1-loom.mappings.1_20_1.layered+hash.2198-v2.jar:?]
	at net.minecraft.world.inventory.AbstractContainerMenu.moveItemStackTo(AbstractContainerMenu.java:660) ~[minecraft-merged-a90cf90b89-1.20.1-loom.mappings.1_20_1.layered+hash.2198-v2.jar:?]
	at net.minecraft.world.inventory.InventoryMenu.quickMoveStack(InventoryMenu.java:204) ~[minecraft-merged-a90cf90b89-1.20.1-loom.mappings.1_20_1.layered+hash.2198-v2.jar:?]
	at net.minecraft.world.inventory.AbstractContainerMenu.doClick(AbstractContainerMenu.java:394) ~[minecraft-merged-a90cf90b89-1.20.1-loom.mappings.1_20_1.layered+hash.2198-v2.jar:?]
	at net.minecraft.world.inventory.AbstractContainerMenu.clicked(AbstractContainerMenu.java:294) ~[minecraft-merged-a90cf90b89-1.20.1-loom.mappings.1_20_1.layered+hash.2198-v2.jar:?]
	... 17 more
[09:17:14] [Server thread/WARN] (Minecraft) Mismatch in destroy block pos: BlockPos{x=-281, y=-60, z=212} BlockPos{x=-287, y=-59, z=247}
[09:17:26] [Server thread/WARN] (Minecraft) Mismatch in destroy block pos: BlockPos{x=-281, y=-60, z=212} BlockPos{x=-289, y=-59, z=240}
[09:17:30] [Server thread/INFO] (Minecraft) Player565取得了进度[甜蜜的梦]
[09:17:30] [Render thread/INFO] (Minecraft) [System] [CHAT] 已设置重生点
[09:17:30] [Render thread/INFO] (Minecraft) [System] [CHAT] Player565取得了进度[甜蜜的梦]
[09:17:30] [Render thread/INFO] (Minecraft) Loaded 121 advancements
[09:17:48] [Server thread/INFO] (Minecraft) [Player565: 已移除Player565的饥饿效果]
[09:17:48] [Render thread/INFO] (Minecraft) [System] [CHAT] 已移除Player565的饥饿效果
[09:18:20] [Server thread/INFO] (Minecraft) [Player565: 已将64个[沃沃头/馒头]给予Player565]
[09:18:20] [Render thread/INFO] (Minecraft) [System] [CHAT] 已将64个[沃沃头/馒头]给予Player565
[09:18:32] [Server thread/INFO] (Minecraft) [Player565: 已将自己的游戏模式设置为创造模式]
[09:18:32] [Render thread/INFO] (Minecraft) [System] [CHAT] 已将自己的游戏模式设置为创造模式
[09:18:32] [Server thread/ERROR] (Minecraft) Failed to handle packet net.minecraft.network.protocol.game.ServerboundSetCreativeModeSlotPacket@3a5360a0, suppressing error
java.lang.NullPointerException: Cannot invoke "net.minecraft.sounds.SoundEvent.getRange(float)" because the return value of "net.minecraft.core.Holder.value()" is null
	at net.minecraft.server.level.ServerLevel.playSeededSound(ServerLevel.java:950) ~[minecraft-merged-a90cf90b89-1.20.1-loom.mappings.1_20_1.layered+hash.2198-v2.jar:?]
	at net.minecraft.world.level.Level.playSeededSound(Level.java:406) ~[minecraft-merged-a90cf90b89-1.20.1-loom.mappings.1_20_1.layered+hash.2198-v2.jar:?]
	at net.minecraft.world.level.Level.playSound(Level.java:414) ~[minecraft-merged-a90cf90b89-1.20.1-loom.mappings.1_20_1.layered+hash.2198-v2.jar:?]
	at net.minecraft.world.entity.LivingEntity.onEquipItem(LivingEntity.java:702) ~[minecraft-merged-a90cf90b89-1.20.1-loom.mappings.1_20_1.layered+hash.2198-v2.jar:?]
	at net.minecraft.world.inventory.InventoryMenu.onEquipItem(InventoryMenu.java:130) ~[minecraft-merged-a90cf90b89-1.20.1-loom.mappings.1_20_1.layered+hash.2198-v2.jar:?]
	at net.minecraft.world.inventory.InventoryMenu$1.setByPlayer(InventoryMenu.java:75) ~[minecraft-merged-a90cf90b89-1.20.1-loom.mappings.1_20_1.layered+hash.2198-v2.jar:?]
	at net.minecraft.server.network.ServerGamePacketListenerImpl.handleSetCreativeModeSlot(ServerGamePacketListenerImpl.java:1762) ~[minecraft-merged-a90cf90b89-1.20.1-loom.mappings.1_20_1.layered+hash.2198-v2.jar:?]
	at net.minecraft.network.protocol.game.ServerboundSetCreativeModeSlotPacket.handle(ServerboundSetCreativeModeSlotPacket.java:18) ~[minecraft-merged-a90cf90b89-1.20.1-loom.mappings.1_20_1.layered+hash.2198-v2.jar:?]
	at net.minecraft.network.protocol.game.ServerboundSetCreativeModeSlotPacket.handle(ServerboundSetCreativeModeSlotPacket.java:7) ~[minecraft-merged-a90cf90b89-1.20.1-loom.mappings.1_20_1.layered+hash.2198-v2.jar:?]
	at net.minecraft.network.protocol.PacketUtils.method_11072(PacketUtils.java:22) ~[minecraft-merged-a90cf90b89-1.20.1-loom.mappings.1_20_1.layered+hash.2198-v2.jar:?]
	at net.minecraft.server.TickTask.run(TickTask.java:18) ~[minecraft-merged-a90cf90b89-1.20.1-loom.mappings.1_20_1.layered+hash.2198-v2.jar:?]
	at net.minecraft.util.thread.BlockableEventLoop.doRunTask(BlockableEventLoop.java:156) ~[minecraft-merged-a90cf90b89-1.20.1-loom.mappings.1_20_1.layered+hash.2198-v2.jar:?]
	at net.minecraft.util.thread.ReentrantBlockableEventLoop.doRunTask(ReentrantBlockableEventLoop.java:23) ~[minecraft-merged-a90cf90b89-1.20.1-loom.mappings.1_20_1.layered+hash.2198-v2.jar:?]
	at net.minecraft.server.MinecraftServer.doRunTask(MinecraftServer.java:782) ~[minecraft-merged-a90cf90b89-1.20.1-loom.mappings.1_20_1.layered+hash.2198-v2.jar:?]
	at net.minecraft.server.MinecraftServer.doRunTask(MinecraftServer.java:164) ~[minecraft-merged-a90cf90b89-1.20.1-loom.mappings.1_20_1.layered+hash.2198-v2.jar:?]
	at net.minecraft.util.thread.BlockableEventLoop.pollTask(BlockableEventLoop.java:130) ~[minecraft-merged-a90cf90b89-1.20.1-loom.mappings.1_20_1.layered+hash.2198-v2.jar:?]
	at net.minecraft.server.MinecraftServer.pollTaskInternal(MinecraftServer.java:764) ~[minecraft-merged-a90cf90b89-1.20.1-loom.mappings.1_20_1.layered+hash.2198-v2.jar:?]
	at net.minecraft.server.MinecraftServer.pollTask(MinecraftServer.java:758) ~[minecraft-merged-a90cf90b89-1.20.1-loom.mappings.1_20_1.layered+hash.2198-v2.jar:?]
	at net.minecraft.util.thread.BlockableEventLoop.runAllTasks(BlockableEventLoop.java:115) ~[minecraft-merged-a90cf90b89-1.20.1-loom.mappings.1_20_1.layered+hash.2198-v2.jar:?]
	at net.minecraft.server.MinecraftServer.waitUntilNextTick(MinecraftServer.java:742) ~[minecraft-merged-a90cf90b89-1.20.1-loom.mappings.1_20_1.layered+hash.2198-v2.jar:?]
	at net.minecraft.server.MinecraftServer.runServer(MinecraftServer.java:675) ~[minecraft-merged-a90cf90b89-1.20.1-loom.mappings.1_20_1.layered+hash.2198-v2.jar:?]
	at net.minecraft.server.MinecraftServer.method_29739(MinecraftServer.java:265) ~[minecraft-merged-a90cf90b89-1.20.1-loom.mappings.1_20_1.layered+hash.2198-v2.jar:?]
	at java.lang.Thread.run(Thread.java:840) ~[?:?]
[09:18:47] [Server thread/INFO] (Minecraft) [Player565: 已将自己的游戏模式设置为旁观模式]
[09:18:47] [Render thread/INFO] (Minecraft) [System] [CHAT] 已将自己的游戏模式设置为旁观模式
[09:18:49] [Render thread/INFO] (Minecraft) [System] [CHAT] 已将截图保存为2024-08-21_09.18.49.png
[09:18:52] [Render thread/INFO] (Minecraft) [System] [CHAT] 已将截图保存为2024-08-21_09.18.52.png
[09:18:54] [Render thread/INFO] (Minecraft) [System] [CHAT] 已将截图保存为2024-08-21_09.18.54.png
[09:19:18] [Render thread/INFO] (Minecraft) Stopping!
[09:19:18] [Server thread/INFO] (Minecraft) Player565 lost connection: 连接中断
[09:19:18] [Server thread/INFO] (Minecraft) Player565退出了游戏
[09:19:18] [Server thread/INFO] (Minecraft) Stopping singleplayer server as player logged out
[09:19:18] [Server thread/INFO] (Minecraft) Stopping server
[09:19:18] [Server thread/INFO] (Minecraft) Saving players
[09:19:18] [Server thread/INFO] (Minecraft) Saving worlds
[09:19:22] [Server thread/INFO] (Minecraft) Saving chunks for level 'ServerLevel[新的世界]'/minecraft:overworld
[09:19:23] [Server thread/INFO] (Minecraft) Saving chunks for level 'ServerLevel[新的世界]'/minecraft:the_nether
[09:19:23] [Server thread/INFO] (Minecraft) Saving chunks for level 'ServerLevel[新的世界]'/minecraft:the_end
[09:19:23] [Server thread/INFO] (Minecraft) ThreadedAnvilChunkStorage (新的世界): All chunks are saved
[09:19:23] [Server thread/INFO] (Minecraft) ThreadedAnvilChunkStorage (DIM-1): All chunks are saved
[09:19:23] [Server thread/INFO] (Minecraft) ThreadedAnvilChunkStorage (DIM1): All chunks are saved
[09:19:23] [Server thread/INFO] (Minecraft) ThreadedAnvilChunkStorage: All dimensions are saved
[09:19:23] [Render thread/INFO] (Minecraft) OpenGL debug message: id=1281, source=API, type=ERROR, severity=HIGH, message='GL error GL_INVALID_VALUE'
[09:19:23] [Render thread/INFO] (Minecraft) OpenGL debug message: id=1281, source=API, type=ERROR, severity=HIGH, message='GL error GL_INVALID_VALUE'
[09:19:23] [Render thread/INFO] (Minecraft) OpenGL debug message: id=1281, source=API, type=ERROR, severity=HIGH, message='GL error GL_INVALID_VALUE'
[09:19:23] [Render thread/INFO] (Minecraft) OpenGL debug message: id=1281, source=API, type=ERROR, severity=HIGH, message='GL error GL_INVALID_VALUE'
[09:19:23] [Render thread/INFO] (Minecraft) OpenGL debug message: id=1281, source=API, type=ERROR, severity=HIGH, message='GL error GL_INVALID_VALUE'
[09:19:23] [Render thread/INFO] (Minecraft) OpenGL debug message: id=1281, source=API, type=ERROR, severity=HIGH, message='GL error GL_INVALID_VALUE'
[09:19:23] [Render thread/INFO] (Minecraft) OpenGL debug message: id=1281, source=API, type=ERROR, severity=HIGH, message='GL error GL_INVALID_VALUE'
[09:19:23] [Render thread/INFO] (Minecraft) OpenGL debug message: id=1281, source=API, type=ERROR, severity=HIGH, message='GL error GL_INVALID_VALUE'
[09:19:23] [Render thread/INFO] (Minecraft) OpenGL debug message: id=1281, source=API, type=ERROR, severity=HIGH, message='GL error GL_INVALID_VALUE'
[09:19:23] [Render thread/INFO] (Minecraft) OpenGL debug message: id=1281, source=API, type=ERROR, severity=HIGH, message='GL error GL_INVALID_VALUE'
[09:19:23] [Render thread/INFO] (Minecraft) OpenGL debug message: id=1281, source=API, type=ERROR, severity=HIGH, message='GL error GL_INVALID_VALUE'
[09:19:23] [Render thread/INFO] (Minecraft) OpenGL debug message: id=1281, source=API, type=ERROR, severity=HIGH, message='GL error GL_INVALID_VALUE'
[09:19:23] [Render thread/INFO] (Minecraft) OpenGL debug message: id=1281, source=API, type=ERROR, severity=HIGH, message='GL error GL_INVALID_VALUE'
[09:19:23] [Render thread/INFO] (Minecraft) OpenGL debug message: id=1281, source=API, type=ERROR, severity=HIGH, message='GL error GL_INVALID_VALUE'
[09:19:23] [Render thread/INFO] (Minecraft) OpenGL debug message: id=1281, source=API, type=ERROR, severity=HIGH, message='GL error GL_INVALID_VALUE'
[09:19:23] [Render thread/INFO] (Minecraft) OpenGL debug message: id=1281, source=API, type=ERROR, severity=HIGH, message='GL error GL_INVALID_VALUE'
[09:19:23] [Render thread/INFO] (Minecraft) OpenGL debug message: id=1281, source=API, type=ERROR, severity=HIGH, message='GL error GL_INVALID_VALUE'
[09:19:23] [Render thread/INFO] (Minecraft) OpenGL debug message: id=1281, source=API, type=ERROR, severity=HIGH, message='GL error GL_INVALID_VALUE'
[09:19:23] [Render thread/INFO] (Minecraft) OpenGL debug message: id=1281, source=API, type=ERROR, severity=HIGH, message='GL error GL_INVALID_VALUE'
[09:19:23] [Render thread/INFO] (Minecraft) OpenGL debug message: id=1281, source=API, type=ERROR, severity=HIGH, message='GL error GL_INVALID_VALUE'
[09:19:23] [Render thread/INFO] (Minecraft) OpenGL debug message: id=1281, source=API, type=ERROR, severity=HIGH, message='GL error GL_INVALID_VALUE'
[09:19:23] [Render thread/INFO] (Minecraft) OpenGL debug message: id=1281, source=API, type=ERROR, severity=HIGH, message='GL error GL_INVALID_VALUE'
[09:19:23] [Render thread/INFO] (Minecraft) OpenGL debug message: id=1281, source=API, type=ERROR, severity=HIGH, message='GL error GL_INVALID_VALUE'
[09:19:23] [Render thread/INFO] (Minecraft) OpenGL debug message: id=1281, source=API, type=ERROR, severity=HIGH, message='GL error GL_INVALID_VALUE'
[09:19:23] [Render thread/INFO] (Minecraft) OpenGL debug message: id=1281, source=API, type=ERROR, severity=HIGH, message='GL error GL_INVALID_VALUE'
[09:19:23] [Render thread/INFO] (Minecraft) OpenGL debug message: id=1281, source=API, type=ERROR, severity=HIGH, message='GL error GL_INVALID_VALUE'
[09:19:23] [Render thread/INFO] (Minecraft) OpenGL debug message: id=1281, source=API, type=ERROR, severity=HIGH, message='GL error GL_INVALID_VALUE'
[09:19:23] [Render thread/INFO] (Minecraft) OpenGL debug message: id=1281, source=API, type=ERROR, severity=HIGH, message='GL error GL_INVALID_VALUE'
[09:19:23] [Render thread/INFO] (Minecraft) OpenGL debug message: id=1281, source=API, type=ERROR, severity=HIGH, message='GL error GL_INVALID_VALUE'
[09:19:23] [Render thread/INFO] (Minecraft) OpenGL debug message: id=1281, source=API, type=ERROR, severity=HIGH, message='GL error GL_INVALID_VALUE'
[09:19:23] [Render thread/INFO] (Minecraft) OpenGL debug message: id=1281, source=API, type=ERROR, severity=HIGH, message='GL error GL_INVALID_VALUE'
[09:19:23] [Render thread/INFO] (Minecraft) OpenGL debug message: id=1281, source=API, type=ERROR, severity=HIGH, message='GL error GL_INVALID_VALUE'
[09:19:23] [Render thread/INFO] (Minecraft) OpenGL debug message: id=1281, source=API, type=ERROR, severity=HIGH, message='GL error GL_INVALID_VALUE'
[09:19:23] [Render thread/INFO] (Minecraft) OpenGL debug message: id=1281, source=API, type=ERROR, severity=HIGH, message='GL error GL_INVALID_VALUE'
[09:19:23] [Render thread/INFO] (Minecraft) OpenGL debug message: id=1281, source=API, type=ERROR, severity=HIGH, message='GL error GL_INVALID_VALUE'
[09:19:23] [Render thread/INFO] (Minecraft) OpenGL debug message: id=1281, source=API, type=ERROR, severity=HIGH, message='GL error GL_INVALID_VALUE'
[09:19:23] [Render thread/INFO] (Minecraft) OpenGL debug message: id=1281, source=API, type=ERROR, severity=HIGH, message='GL error GL_INVALID_VALUE'
[09:19:23] [Render thread/INFO] (Minecraft) OpenGL debug message: id=1281, source=API, type=ERROR, severity=HIGH, message='GL error GL_INVALID_VALUE'
[09:19:23] [Render thread/INFO] (Minecraft) OpenGL debug message: id=1281, source=API, type=ERROR, severity=HIGH, message='GL error GL_INVALID_VALUE'
[09:19:23] [Render thread/INFO] (Minecraft) OpenGL debug message: id=1281, source=API, type=ERROR, severity=HIGH, message='GL error GL_INVALID_VALUE'
[09:19:23] [Render thread/INFO] (Minecraft) OpenGL debug message: id=1281, source=API, type=ERROR, severity=HIGH, message='GL error GL_INVALID_VALUE'
[09:19:23] [Render thread/INFO] (Minecraft) OpenGL debug message: id=1281, source=API, type=ERROR, severity=HIGH, message='GL error GL_INVALID_VALUE'
[09:19:23] [Render thread/INFO] (Minecraft) OpenGL debug message: id=1281, source=API, type=ERROR, severity=HIGH, message='GL error GL_INVALID_VALUE'
[09:19:23] [Render thread/INFO] (Minecraft) OpenGL debug message: id=1281, source=API, type=ERROR, severity=HIGH, message='GL error GL_INVALID_VALUE'
[09:19:23] [Render thread/INFO] (Minecraft) OpenGL debug message: id=1281, source=API, type=ERROR, severity=HIGH, message='GL error GL_INVALID_VALUE'
[09:19:23] [Render thread/INFO] (Minecraft) OpenGL debug message: id=1281, source=API, type=ERROR, severity=HIGH, message='GL error GL_INVALID_VALUE'
[09:19:23] [Render thread/INFO] (Minecraft) OpenGL debug message: id=1281, source=API, type=ERROR, severity=HIGH, message='GL error GL_INVALID_VALUE'
[09:19:23] [Render thread/INFO] (Minecraft) OpenGL debug message: id=1281, source=API, type=ERROR, severity=HIGH, message='GL error GL_INVALID_VALUE'
[09:19:23] [Render thread/INFO] (Minecraft) OpenGL debug message: id=1281, source=API, type=ERROR, severity=HIGH, message='GL error GL_INVALID_VALUE'
[09:19:23] [Render thread/INFO] (Minecraft) OpenGL debug message: id=1281, source=API, type=ERROR, severity=HIGH, message='GL error GL_INVALID_VALUE'
[09:19:23] [Render thread/INFO] (Minecraft) OpenGL debug message: id=1281, source=API, type=ERROR, severity=HIGH, message='GL error GL_INVALID_VALUE'
[09:19:23] [Render thread/INFO] (Minecraft) OpenGL debug message: id=1281, source=API, type=ERROR, severity=HIGH, message='GL error GL_INVALID_VALUE'
[09:19:23] [Render thread/INFO] (Minecraft) OpenGL debug message: id=1281, source=API, type=ERROR, severity=HIGH, message='GL error GL_INVALID_VALUE'
[09:19:23] [Render thread/INFO] (Minecraft) OpenGL debug message: id=1281, source=API, type=ERROR, severity=HIGH, message='GL error GL_INVALID_VALUE'
[09:19:23] [Render thread/INFO] (Minecraft) OpenGL debug message: id=1281, source=API, type=ERROR, severity=HIGH, message='GL error GL_INVALID_VALUE'
[09:19:23] [Render thread/INFO] (Minecraft) OpenGL debug message: id=1281, source=API, type=ERROR, severity=HIGH, message='GL error GL_INVALID_VALUE'
[09:19:23] [Render thread/INFO] (Minecraft) OpenGL debug message: id=1281, source=API, type=ERROR, severity=HIGH, message='GL error GL_INVALID_VALUE'
[09:19:23] [Render thread/INFO] (Minecraft) OpenGL debug message: id=1281, source=API, type=ERROR, severity=HIGH, message='GL error GL_INVALID_VALUE'
[09:19:23] [Render thread/INFO] (Minecraft) OpenGL debug message: id=1281, source=API, type=ERROR, severity=HIGH, message='GL error GL_INVALID_VALUE'
[09:19:23] [Render thread/INFO] (Minecraft) OpenGL debug message: id=1281, source=API, type=ERROR, severity=HIGH, message='GL error GL_INVALID_VALUE'
[09:19:23] [Render thread/INFO] (Minecraft) OpenGL debug message: id=1281, source=API, type=ERROR, severity=HIGH, message='GL error GL_INVALID_VALUE'
[09:19:23] [Render thread/INFO] (Minecraft) OpenGL debug message: id=1281, source=API, type=ERROR, severity=HIGH, message='GL error GL_INVALID_VALUE'
[09:19:23] [Render thread/INFO] (Minecraft) OpenGL debug message: id=1281, source=API, type=ERROR, severity=HIGH, message='GL error GL_INVALID_VALUE'
[09:19:23] [Render thread/INFO] (Minecraft) OpenGL debug message: id=1281, source=API, type=ERROR, severity=HIGH, message='GL error GL_INVALID_VALUE'
[09:19:23] [Render thread/INFO] (Minecraft) OpenGL debug message: id=1281, source=API, type=ERROR, severity=HIGH, message='GL error GL_INVALID_VALUE'
[09:19:23] [Render thread/INFO] (Minecraft) OpenGL debug message: id=1281, source=API, type=ERROR, severity=HIGH, message='GL error GL_INVALID_VALUE'
[09:19:23] [Render thread/INFO] (Minecraft) OpenGL debug message: id=1281, source=API, type=ERROR, severity=HIGH, message='GL error GL_INVALID_VALUE'
[09:19:23] [Render thread/INFO] (Minecraft) OpenGL debug message: id=1281, source=API, type=ERROR, severity=HIGH, message='GL error GL_INVALID_VALUE'
[09:19:23] [Render thread/INFO] (Minecraft) OpenGL debug message: id=1281, source=API, type=ERROR, severity=HIGH, message='GL error GL_INVALID_VALUE'
[09:19:23] [Render thread/INFO] (Minecraft) OpenGL debug message: id=1281, source=API, type=ERROR, severity=HIGH, message='GL error GL_INVALID_VALUE'
[09:19:23] [Render thread/INFO] (Minecraft) OpenGL debug message: id=1281, source=API, type=ERROR, severity=HIGH, message='GL error GL_INVALID_VALUE'
[09:19:23] [Render thread/INFO] (Minecraft) OpenGL debug message: id=1281, source=API, type=ERROR, severity=HIGH, message='GL error GL_INVALID_VALUE'
[09:19:23] [Render thread/INFO] (Minecraft) OpenGL debug message: id=1281, source=API, type=ERROR, severity=HIGH, message='GL error GL_INVALID_VALUE'
[09:19:23] [Render thread/INFO] (Minecraft) OpenGL debug message: id=1281, source=API, type=ERROR, severity=HIGH, message='GL error GL_INVALID_VALUE'
[09:19:23] [Render thread/INFO] (Minecraft) OpenGL debug message: id=1281, source=API, type=ERROR, severity=HIGH, message='GL error GL_INVALID_VALUE'
[09:19:23] [Render thread/INFO] (Minecraft) OpenGL debug message: id=1281, source=API, type=ERROR, severity=HIGH, message='GL error GL_INVALID_VALUE'
[09:19:23] [Render thread/INFO] (Minecraft) OpenGL debug message: id=1281, source=API, type=ERROR, severity=HIGH, message='GL error GL_INVALID_VALUE'
[09:19:23] [Render thread/INFO] (Minecraft) OpenGL debug message: id=1281, source=API, type=ERROR, severity=HIGH, message='GL error GL_INVALID_VALUE'
[09:19:23] [Render thread/INFO] (Minecraft) OpenGL debug message: id=1281, source=API, type=ERROR, severity=HIGH, message='GL error GL_INVALID_VALUE'
[09:19:23] [Render thread/INFO] (Minecraft) OpenGL debug message: id=1281, source=API, type=ERROR, severity=HIGH, message='GL error GL_INVALID_VALUE'
[09:19:23] [Render thread/INFO] (Minecraft) OpenGL debug message: id=1281, source=API, type=ERROR, severity=HIGH, message='GL error GL_INVALID_VALUE'
[09:19:23] [Render thread/INFO] (Minecraft) OpenGL debug message: id=1281, source=API, type=ERROR, severity=HIGH, message='GL error GL_INVALID_VALUE'
[09:19:23] [Render thread/INFO] (Minecraft) OpenGL debug message: id=1281, source=API, type=ERROR, severity=HIGH, message='GL error GL_INVALID_VALUE'
[09:19:23] [Render thread/INFO] (Minecraft) OpenGL debug message: id=1281, source=API, type=ERROR, severity=HIGH, message='GL error GL_INVALID_VALUE'
[09:19:23] [Render thread/INFO] (Minecraft) OpenGL debug message: id=1281, source=API, type=ERROR, severity=HIGH, message='GL error GL_INVALID_VALUE'
[09:19:23] [Render thread/INFO] (Minecraft) OpenGL debug message: id=1281, source=API, type=ERROR, severity=HIGH, message='GL error GL_INVALID_VALUE'
[09:19:23] [Render thread/INFO] (Minecraft) OpenGL debug message: id=1281, source=API, type=ERROR, severity=HIGH, message='GL error GL_INVALID_VALUE'
[09:19:23] [Render thread/INFO] (Minecraft) OpenGL debug message: id=1281, source=API, type=ERROR, severity=HIGH, message='GL error GL_INVALID_VALUE'
[09:19:23] [Render thread/INFO] (Minecraft) OpenGL debug message: id=1281, source=API, type=ERROR, severity=HIGH, message='GL error GL_INVALID_VALUE'
[09:19:23] [Render thread/INFO] (Minecraft) OpenGL debug message: id=1281, source=API, type=ERROR, severity=HIGH, message='GL error GL_INVALID_VALUE'
[09:19:23] [Render thread/INFO] (Minecraft) OpenGL debug message: id=1281, source=API, type=ERROR, severity=HIGH, message='GL error GL_INVALID_VALUE'
[09:19:23] [Render thread/INFO] (Minecraft) OpenGL debug message: id=1281, source=API, type=ERROR, severity=HIGH, message='GL error GL_INVALID_VALUE'
[09:19:23] [Render thread/INFO] (Minecraft) OpenGL debug message: id=1281, source=API, type=ERROR, severity=HIGH, message='GL error GL_INVALID_VALUE'
[09:19:23] [Render thread/INFO] (Minecraft) OpenGL debug message: id=1281, source=API, type=ERROR, severity=HIGH, message='GL error GL_INVALID_VALUE'
[09:19:23] [Render thread/INFO] (Minecraft) OpenGL debug message: id=1281, source=API, type=ERROR, severity=HIGH, message='GL error GL_INVALID_VALUE'
[09:19:23] [Render thread/INFO] (Minecraft) OpenGL debug message: id=1281, source=API, type=ERROR, severity=HIGH, message='GL error GL_INVALID_VALUE'
[09:19:23] [Render thread/INFO] (Minecraft) OpenGL debug message: id=1281, source=API, type=ERROR, severity=HIGH, message='GL error GL_INVALID_VALUE'
[09:19:23] [Render thread/INFO] (Minecraft) OpenGL debug message: id=1281, source=API, type=ERROR, severity=HIGH, message='GL error GL_INVALID_VALUE'
[09:19:23] [Render thread/INFO] (Minecraft) OpenGL debug message: id=1281, source=API, type=ERROR, severity=HIGH, message='GL error GL_INVALID_VALUE'
[09:19:23] [Render thread/INFO] (Minecraft) OpenGL debug message: id=1281, source=API, type=ERROR, severity=HIGH, message='GL error GL_INVALID_VALUE'
[09:19:23] [Render thread/INFO] (Minecraft) OpenGL debug message: id=1281, source=API, type=ERROR, severity=HIGH, message='GL error GL_INVALID_VALUE'
[09:19:23] [Render thread/INFO] (Minecraft) OpenGL debug message: id=1281, source=API, type=ERROR, severity=HIGH, message='GL error GL_INVALID_VALUE'
[09:19:23] [Render thread/INFO] (Minecraft) OpenGL debug message: id=1281, source=API, type=ERROR, severity=HIGH, message='GL error GL_INVALID_VALUE'
[09:19:23] [Render thread/INFO] (Minecraft) OpenGL debug message: id=1281, source=API, type=ERROR, severity=HIGH, message='GL error GL_INVALID_VALUE'
[09:19:23] [Render thread/INFO] (Minecraft) OpenGL debug message: id=1281, source=API, type=ERROR, severity=HIGH, message='GL error GL_INVALID_VALUE'
[09:19:23] [Render thread/INFO] (Minecraft) OpenGL debug message: id=1281, source=API, type=ERROR, severity=HIGH, message='GL error GL_INVALID_VALUE'
[09:19:23] [Render thread/INFO] (Minecraft) OpenGL debug message: id=1281, source=API, type=ERROR, severity=HIGH, message='GL error GL_INVALID_VALUE'
[09:19:23] [Render thread/INFO] (Minecraft) OpenGL debug message: id=1281, source=API, type=ERROR, severity=HIGH, message='GL error GL_INVALID_VALUE'
[09:19:23] [Render thread/INFO] (Minecraft) OpenGL debug message: id=1281, source=API, type=ERROR, severity=HIGH, message='GL error GL_INVALID_VALUE'
[09:19:23] [Render thread/INFO] (Minecraft) OpenGL debug message: id=1281, source=API, type=ERROR, severity=HIGH, message='GL error GL_INVALID_VALUE'
[09:19:23] [Render thread/INFO] (Minecraft) OpenGL debug message: id=1281, source=API, type=ERROR, severity=HIGH, message='GL error GL_INVALID_VALUE'
[09:19:23] [Render thread/INFO] (Minecraft) OpenGL debug message: id=1281, source=API, type=ERROR, severity=HIGH, message='GL error GL_INVALID_VALUE'
[09:19:23] [Render thread/INFO] (Minecraft) OpenGL debug message: id=1281, source=API, type=ERROR, severity=HIGH, message='GL error GL_INVALID_VALUE'
[09:19:23] [Render thread/INFO] (Minecraft) OpenGL debug message: id=1281, source=API, type=ERROR, severity=HIGH, message='GL error GL_INVALID_VALUE'
[09:19:23] [Render thread/INFO] (Minecraft) OpenGL debug message: id=1281, source=API, type=ERROR, severity=HIGH, message='GL error GL_INVALID_VALUE'
[09:19:23] [Render thread/INFO] (Minecraft) OpenGL debug message: id=1281, source=API, type=ERROR, severity=HIGH, message='GL error GL_INVALID_VALUE'
[09:19:23] [Render thread/INFO] (Minecraft) OpenGL debug message: id=1281, source=API, type=ERROR, severity=HIGH, message='GL error GL_INVALID_VALUE'
[09:19:23] [Render thread/INFO] (Minecraft) OpenGL debug message: id=1281, source=API, type=ERROR, severity=HIGH, message='GL error GL_INVALID_VALUE'
[09:19:23] [Render thread/INFO] (Minecraft) OpenGL debug message: id=1281, source=API, type=ERROR, severity=HIGH, message='GL error GL_INVALID_VALUE'
[09:19:23] [Render thread/INFO] (Minecraft) OpenGL debug message: id=1281, source=API, type=ERROR, severity=HIGH, message='GL error GL_INVALID_VALUE'
[09:19:23] [Render thread/INFO] (Minecraft) OpenGL debug message: id=1281, source=API, type=ERROR, severity=HIGH, message='GL error GL_INVALID_VALUE'
[09:19:23] [Render thread/INFO] (Minecraft) OpenGL debug message: id=1281, source=API, type=ERROR, severity=HIGH, message='GL error GL_INVALID_VALUE'
[09:19:23] [Render thread/INFO] (Minecraft) OpenGL debug message: id=1281, source=API, type=ERROR, severity=HIGH, message='GL error GL_INVALID_VALUE'
